<?xml version="1.0" encoding="UTF-8"?>
<!-- Generated by org.testng.reporters.JUnitReportReporter -->
<testsuite hostname="LAPTOP-GL6HTSUP" failures="0" tests="1" name="banking.tests.LoginTest" time="2.356" errors="0" timestamp="2025-09-22T02:09:52 EEST" skipped="0">
  <testcase classname="banking.tests.LoginTest" name="verifyLogin" time="2.356"/>
</testsuite> <!-- banking.tests.LoginTest -->
